<?xml version="1.0" encoding="UTF-8"?>
<!-- Generated by org.testng.reporters.JUnitReportReporter -->
<testsuite skipped="0" hostname="Ajith-PC" name="scripts.TestInvalidLogin" tests="2" failures="0" timestamp="02 Aug 2018 09:43:54 GMT" time="120.830" errors="0">
  <testcase name="testInvalidLogin" time="62.397" classname="scripts.TestInvalidLogin"/>
  <testcase name="testInvalidLogin" time="58.433" classname="scripts.TestInvalidLogin"/>
</testsuite> <!-- scripts.TestInvalidLogin -->
