<?xml version="1.0" encoding="UTF-8"?>
<!-- Generated by org.testng.reporters.JUnitReportReporter -->
<testsuite skipped="1" hostname="Ajith-PC" name="scripts.TestInvalidLogin" tests="2" failures="0" timestamp="02 Aug 2018 09:37:38 GMT" time="61.864" errors="0">
  <testcase name="testInvalidLogin" time="0.000" classname="scripts.TestInvalidLogin">
    <skipped/>
  </testcase> <!-- testInvalidLogin -->
  <testcase name="testInvalidLogin" time="61.864" classname="scripts.TestInvalidLogin"/>
</testsuite> <!-- scripts.TestInvalidLogin -->
